build/app/intermediates/manifest_merge_blame_file/release/manifest-merger-blame-release-report.txt
1<?xml version="1.0" encoding="utf-8"?>
2<manifest xmlns:android="http://schemas.android.com/apk/res/android"
3    package="com.example.Alaswaq"
4    android:versionCode="1"
5    android:versionName="1.0.0" >
6
7    <uses-sdk
8        android:minSdkVersion="16"
8-->src/main/AndroidManifest.xml
9        android:targetSdkVersion="28" />
9-->src/main/AndroidManifest.xml
10    <!--
11         io.flutter.app.FlutterApplication is an android.app.Application that
12         calls FlutterMain.startInitialization(this); in its onCreate method.
13         In most cases you can leave this as-is, but you if you want to provide
14         additional functionality it is fine to subclass or reimplement
15         FlutterApplication and put your custom class here.
16    -->
17    <uses-permission android:name="android.permission.INTERNET" />
17-->src/main/AndroidManifest.xml:8:5-66
17-->src/main/AndroidManifest.xml:8:22-64
18    <uses-permission android:name="android.permission.ACCESS_NETWORK_STATE" />
18-->src/main/AndroidManifest.xml:9:5-78
18-->src/main/AndroidManifest.xml:9:22-76
19    <uses-permission android:name="android.permission.CALL_PHONE" />
19-->[:flutter_phone_direct_caller] AndroidManifest.xml:9:5-69
19-->[:flutter_phone_direct_caller] AndroidManifest.xml:9:22-66
20
21    <uses-feature
21-->[:flutter_phone_direct_caller] AndroidManifest.xml:11:5-13:36
22        android:name="android.hardware.telephony"
22-->[:flutter_phone_direct_caller] AndroidManifest.xml:12:9-50
23        android:required="false" />
23-->[:flutter_phone_direct_caller] AndroidManifest.xml:13:9-33
24
25    <application
25-->src/main/AndroidManifest.xml:10:5-48:19
26        android:name="io.flutter.app.FlutterApplication"
26-->src/main/AndroidManifest.xml:11:9-57
27        android:appComponentFactory="androidx.core.app.CoreComponentFactory"
27-->[androidx.core:core:1.1.0] AndroidManifest.xml:24:18-86
28        android:icon="@mipmap/ic_launcher"
28-->src/main/AndroidManifest.xml:13:9-43
29        android:label="Alaswaq" >
29-->src/main/AndroidManifest.xml:12:9-32
30        <activity
30-->src/main/AndroidManifest.xml:14:9-42:20
31            android:name="com.example.Alaswaq.MainActivity"
31-->src/main/AndroidManifest.xml:15:13-41
32            android:configChanges="orientation|keyboardHidden|keyboard|screenSize|smallestScreenSize|locale|layoutDirection|fontScale|screenLayout|density|uiMode"
32-->src/main/AndroidManifest.xml:18:13-163
33            android:hardwareAccelerated="true"
33-->src/main/AndroidManifest.xml:19:13-47
34            android:launchMode="singleTop"
34-->src/main/AndroidManifest.xml:16:13-43
35            android:theme="@style/LaunchTheme"
35-->src/main/AndroidManifest.xml:17:13-47
36            android:windowSoftInputMode="adjustResize" >
36-->src/main/AndroidManifest.xml:20:13-55
37
38            <!--
39                 Specifies an Android theme to apply to this Activity as soon as
40                 the Android process has started. This theme is visible to the user
41                 while the Flutter UI initializes. After that, this theme continues
42                 to determine the Window background behind the Flutter UI.
43            -->
44            <meta-data
44-->src/main/AndroidManifest.xml:25:13-28:17
45                android:name="io.flutter.embedding.android.NormalTheme"
45-->src/main/AndroidManifest.xml:26:15-70
46                android:resource="@style/NormalTheme" />
46-->src/main/AndroidManifest.xml:27:15-52
47            <!--
48                 Displays an Android View that continues showing the launch screen
49                 Drawable until Flutter paints its first frame, then this splash
50                 screen fades out. A splash screen is useful to avoid any visual
51                 gap between the end of Android's launch screen and the painting of
52                 Flutter's first frame.
53            -->
54            <meta-data
54-->src/main/AndroidManifest.xml:34:13-37:17
55                android:name="io.flutter.embedding.android.SplashScreenDrawable"
55-->src/main/AndroidManifest.xml:35:15-79
56                android:resource="@drawable/launch_background" />
56-->src/main/AndroidManifest.xml:36:15-61
57
58            <intent-filter>
58-->src/main/AndroidManifest.xml:38:13-41:29
59                <action android:name="android.intent.action.MAIN" />
59-->src/main/AndroidManifest.xml:39:17-68
59-->src/main/AndroidManifest.xml:39:25-66
60
61                <category android:name="android.intent.category.LAUNCHER" />
61-->src/main/AndroidManifest.xml:40:17-76
61-->src/main/AndroidManifest.xml:40:27-74
62            </intent-filter>
63        </activity>
64        <!--
65             Don't delete the meta-data below.
66             This is used by the Flutter tool to generate GeneratedPluginRegistrant.java
67        -->
68        <meta-data
68-->src/main/AndroidManifest.xml:45:9-47:33
69            android:name="flutterEmbedding"
69-->src/main/AndroidManifest.xml:46:13-44
70            android:value="2" />
70-->src/main/AndroidManifest.xml:47:13-30
71
72        <activity
72-->[:url_launcher] AndroidManifest.xml:8:9-11:74
73            android:name="io.flutter.plugins.urllauncher.WebViewActivity"
73-->[:url_launcher] AndroidManifest.xml:9:13-74
74            android:exported="false"
74-->[:url_launcher] AndroidManifest.xml:10:13-37
75            android:theme="@android:style/Theme.NoTitleBar.Fullscreen" />
75-->[:url_launcher] AndroidManifest.xml:11:13-71
76    </application>
77
78</manifest>